<?xml version="1.0" encoding="UTF-8"?>
<testng-results ignored="0" total="1" passed="1" failed="0" skipped="0">
  <reporter-output>
  </reporter-output>
  <suite started-at="2019-03-19T15:27:51Z" name="Default suite" finished-at="2019-03-19T15:28:10Z" duration-ms="18440">
    <groups>
    </groups>
    <test started-at="2019-03-19T15:27:51Z" name="Default test" finished-at="2019-03-19T15:28:10Z" duration-ms="18440">
      <class name="com.training.sanity.tests.UNF_057_Test">
        <test-method is-config="true" signature="setUp()[pri:0, instance:com.training.sanity.tests.UNF_057_Test@17f7cd29]" started-at="2019-03-19T15:27:51Z" name="setUp" finished-at="2019-03-19T15:28:02Z" duration-ms="10888" status="PASS">
          <reporter-output>
          </reporter-output>
        </test-method> <!-- setUp -->
        <test-method signature="Catelogicon()[pri:0, instance:com.training.sanity.tests.UNF_057_Test@17f7cd29]" started-at="2019-03-19T15:28:02Z" name="Catelogicon" finished-at="2019-03-19T15:28:09Z" duration-ms="6533" status="PASS">
          <reporter-output>
          </reporter-output>
        </test-method> <!-- Catelogicon -->
        <test-method is-config="true" signature="tearDown()[pri:0, instance:com.training.sanity.tests.UNF_057_Test@17f7cd29]" started-at="2019-03-19T15:28:09Z" name="tearDown" finished-at="2019-03-19T15:28:10Z" duration-ms="1009" status="PASS">
          <reporter-output>
          </reporter-output>
        </test-method> <!-- tearDown -->
      </class> <!-- com.training.sanity.tests.UNF_057_Test -->
    </test> <!-- Default test -->
  </suite> <!-- Default suite -->
</testng-results>
