<?xml version="1.0" encoding="UTF-8"?>
<testng-results ignored="0" total="1" passed="1" failed="0" skipped="0">
  <reporter-output>
  </reporter-output>
  <suite started-at="2019-03-11T11:22:40Z" name="Default suite" finished-at="2019-03-11T11:22:58Z" duration-ms="17754">
    <groups>
    </groups>
    <test started-at="2019-03-11T11:22:40Z" name="Default test" finished-at="2019-03-11T11:22:58Z" duration-ms="17754">
      <class name="com.training.sanity.tests.UNF_030_EmailLogout">
        <test-method is-config="true" signature="setUpBeforeClass()[pri:0, instance:com.training.sanity.tests.UNF_030_EmailLogout@3c3d9b6b]" started-at="2019-03-11T11:22:40Z" name="setUpBeforeClass" finished-at="2019-03-11T11:22:40Z" duration-ms="15" status="PASS">
          <reporter-output>
          </reporter-output>
        </test-method> <!-- setUpBeforeClass -->
        <test-method is-config="true" signature="setUp()[pri:0, instance:com.training.sanity.tests.UNF_030_EmailLogout@3c3d9b6b]" started-at="2019-03-11T11:22:40Z" name="setUp" finished-at="2019-03-11T11:22:54Z" duration-ms="14164" status="PASS">
          <reporter-output>
          </reporter-output>
        </test-method> <!-- setUp -->
        <test-method signature="validLoginTest()[pri:0, instance:com.training.sanity.tests.UNF_030_EmailLogout@3c3d9b6b]" started-at="2019-03-11T11:22:54Z" name="validLoginTest" finished-at="2019-03-11T11:22:57Z" duration-ms="2549" status="PASS">
          <reporter-output>
          </reporter-output>
        </test-method> <!-- validLoginTest -->
        <test-method is-config="true" signature="tearDown()[pri:0, instance:com.training.sanity.tests.UNF_030_EmailLogout@3c3d9b6b]" started-at="2019-03-11T11:22:57Z" name="tearDown" finished-at="2019-03-11T11:22:58Z" duration-ms="1000" status="PASS">
          <reporter-output>
          </reporter-output>
        </test-method> <!-- tearDown -->
      </class> <!-- com.training.sanity.tests.UNF_030_EmailLogout -->
    </test> <!-- Default test -->
  </suite> <!-- Default suite -->
</testng-results>
